Started by user Stoyan Halev
Running as SYSTEM
Building in workspace /var/jenkins_home/workspace/ProjectUdacity
The recommended git tool is: NONE
using credential 65b9e94e-1a04-4189-8a25-c74eeeb9df8f
 > git rev-parse --is-inside-work-tree # timeout=10
Fetching changes from the remote Git repository
 > git config remote.origin.url git@github.com:SIHalev/JDND.git # timeout=10
Fetching upstream changes from git@github.com:SIHalev/JDND.git
 > git --version # timeout=10
 > git --version # 'git version 2.26.2'
using GIT_SSH to set credentials
 > git fetch --tags --force --progress -- git@github.com:SIHalev/JDND.git +refs/heads/*:refs/remotes/origin/* # timeout=10
 > git rev-parse refs/remotes/origin/master^{commit} # timeout=10
Checking out Revision 18f31d894397d3015a3b16bce0dfbc1a24c552f9 (refs/remotes/origin/master)
 > git config core.sparsecheckout # timeout=10
 > git checkout -f 18f31d894397d3015a3b16bce0dfbc1a24c552f9 # timeout=10
Commit message: "Remove some failing tests"
 > git rev-list --no-walk ccdc8de4e733ef155b045dc85edb1a0b3a609b28 # timeout=10
[ProjectUdacity] $ mvn -f "projects/P04-eCommerce Application/starter_code/pom.xml" package
[INFO] Scanning for projects...
[INFO]
[INFO] ----------------------< com.example:auth-course >-----------------------
[INFO] Building auth-course 0.0.1-SNAPSHOT
[INFO] --------------------------------[ jar ]---------------------------------
[INFO]
[INFO] --- maven-resources-plugin:3.1.0:resources (default-resources) @ auth-course ---
[INFO] Using 'UTF-8' encoding to copy filtered resources.
[INFO] Copying 1 resource
[INFO] Copying 1 resource
[INFO]
[INFO] --- maven-compiler-plugin:3.8.1:compile (default-compile) @ auth-course ---
[INFO] Changes detected - recompiling the module!
[INFO] Compiling 20 source files to /var/jenkins_home/workspace/ProjectUdacity/projects/P04-eCommerce Application/starter_code/target/classes
[INFO]
[INFO] --- maven-resources-plugin:3.1.0:testResources (default-testResources) @ auth-course ---
[INFO] Using 'UTF-8' encoding to copy filtered resources.
[INFO] skip non existing resourceDirectory /var/jenkins_home/workspace/ProjectUdacity/projects/P04-eCommerce Application/starter_code/src/test/resources
[INFO]
[INFO] --- maven-compiler-plugin:3.8.1:testCompile (default-testCompile) @ auth-course ---
[INFO] Changes detected - recompiling the module!
[INFO] Compiling 1 source file to /var/jenkins_home/workspace/ProjectUdacity/projects/P04-eCommerce Application/starter_code/target/test-classes
[INFO]
[INFO] --- maven-surefire-plugin:2.22.2:test (default-test) @ auth-course ---
[INFO]
[INFO] -------------------------------------------------------
[INFO]  T E S T S
[INFO] -------------------------------------------------------
[INFO] Running SareetaApplicationTests
SLF4J: Class path contains multiple SLF4J bindings.
SLF4J: Found binding in [jar:file:/root/.m2/repository/ch/qos/logback/logback-classic/1.2.3/logback-classic-1.2.3.jar!/org/slf4j/impl/StaticLoggerBinder.class]
SLF4J: Found binding in [jar:file:/root/.m2/repository/org/slf4j/slf4j-log4j12/1.7.25/slf4j-log4j12-1.7.25.jar!/org/slf4j/impl/StaticLoggerBinder.class]
SLF4J: See http://www.slf4j.org/codes.html#multiple_bindings for an explanation.
SLF4J: Actual binding is of type [ch.qos.logback.classic.util.ContextSelectorStaticBinder]
22:00:51.953 [main] INFO com.example.demo.controllers.CartController - Unknown user username
22:00:52.036 [main] DEBUG com.example.demo.controllers.OrderController - Trying to sumbit order for username
22:00:52.037 [main] DEBUG com.example.demo.controllers.OrderController - Order submit for user username was successful
22:00:52.056 [main] DEBUG com.example.demo.controllers.OrderController - Trying to sumbit order for username
22:00:52.056 [main] INFO com.example.demo.controllers.OrderController - Order submit failed, unknown user
22:00:52.059 [main] INFO com.example.demo.controllers.CartController - Unknown item 0
22:00:52.070 [main] INFO com.example.demo.controllers.CartController - Unknown user username
22:00:52.074 [main] DEBUG com.example.demo.controllers.UserController - Trying to create user with username username
22:00:52.077 [main] DEBUG com.example.demo.controllers.UserController - User username created
22:00:52.078 [main] INFO com.example.demo.controllers.CartController - Unknown user username
22:00:52.081 [main] INFO com.example.demo.controllers.OrderController - Unknown user username
22:00:52.093 [main] DEBUG com.example.demo.controllers.UserController - Trying to create user with username username
22:00:52.093 [main] WARN com.example.demo.controllers.UserController - User username is failing password rules
[INFO] Tests run: 15, Failures: 0, Errors: 0, Skipped: 0, Time elapsed: 1.887 s - in SareetaApplicationTests
[INFO]
[INFO] Results:
[INFO]
[INFO] Tests run: 15, Failures: 0, Errors: 0, Skipped: 0
[INFO]
[INFO]
[INFO] --- maven-jar-plugin:3.1.1:jar (default-jar) @ auth-course ---
[INFO] Building jar: /var/jenkins_home/workspace/ProjectUdacity/projects/P04-eCommerce Application/starter_code/target/auth-course-0.0.1-SNAPSHOT.jar
[INFO]
[INFO] --- spring-boot-maven-plugin:2.1.5.RELEASE:repackage (repackage) @ auth-course ---
[INFO] Replacing main artifact with repackaged archive
[INFO] ------------------------------------------------------------------------
[INFO] BUILD SUCCESS
[INFO] ------------------------------------------------------------------------
[INFO] Total time:  12.063 s
[INFO] Finished at: 2020-11-11T22:00:54Z
[INFO] ------------------------------------------------------------------------
Finished: SUCCESS
