sto@Stoyans-MacBook-Pro Desktop % ssh -i "eu-central-key-pair.pem" ec2-user@ec2-18-184-199-12.eu-central-1.compute.amazonaws.com
Last login: Wed Nov 11 20:54:27 2020 from 37-143-243-219.sf.ddns.bulsat.com

       __|  __|_  )
       _|  (     /   Amazon Linux 2 AMI
      ___|\___|___|

https://aws.amazon.com/amazon-linux-2/
33 package(s) needed for security, out of 51 available
Run "sudo yum update" to apply all updates.
-bash: warning: setlocale: LC_CTYPE: cannot change locale (UTF-8): No such file or directory
[ec2-user@ip-172-31-38-226 ~]$ sudo yum update
Failed to set locale, defaulting to C
Loaded plugins: extras_suggestions, langpacks, priorities, update-motd
amzn2-core                                                                                     | 3.7 kB  00:00:00
Resolving Dependencies
--> Running transaction check
---> Package amazon-ssm-agent.x86_64 0:2.3.1319.0-1.amzn2 will be updated
---> Package amazon-ssm-agent.x86_64 0:3.0.161.0-1.amzn2 will be an update
---> Package aws-cfn-bootstrap.noarch 0:1.4-32.amzn2.0.1 will be updated
---> Package aws-cfn-bootstrap.noarch 0:1.4-34.amzn2 will be an update
---> Package awscli.noarch 0:1.18.107-1.amzn2.0.1 will be updated
---> Package awscli.noarch 0:1.18.147-1.amzn2.0.1 will be an update
---> Package bash.x86_64 0:4.2.46-33.amzn2 will be updated
---> Package bash.x86_64 0:4.2.46-34.amzn2 will be an update
---> Package cpio.x86_64 0:2.11-27.amzn2 will be updated
---> Package cpio.x86_64 0:2.11-28.amzn2 will be an update
---> Package e2fsprogs.x86_64 0:1.42.9-12.amzn2.0.2 will be updated
---> Package e2fsprogs.x86_64 0:1.42.9-19.amzn2 will be an update
---> Package e2fsprogs-libs.x86_64 0:1.42.9-12.amzn2.0.2 will be updated
---> Package e2fsprogs-libs.x86_64 0:1.42.9-19.amzn2 will be an update
---> Package ec2-net-utils.noarch 0:1.4-2.amzn2 will be updated
---> Package ec2-net-utils.noarch 0:1.4-3.amzn2 will be an update
---> Package ec2-utils.noarch 0:1.2-1.amzn2 will be updated
---> Package ec2-utils.noarch 0:1.2-3.amzn2 will be an update
---> Package expat.x86_64 0:2.1.0-10.amzn2.0.2 will be updated
---> Package expat.x86_64 0:2.1.0-12.amzn2 will be an update
---> Package glib2.x86_64 0:2.56.1-5.amzn2.0.1 will be updated
---> Package glib2.x86_64 0:2.56.1-7.amzn2.0.1 will be an update
---> Package glibc.x86_64 0:2.26-35.amzn2 will be updated
---> Package glibc.x86_64 0:2.26-38.amzn2 will be an update
---> Package glibc-all-langpacks.x86_64 0:2.26-35.amzn2 will be updated
---> Package glibc-all-langpacks.x86_64 0:2.26-38.amzn2 will be an update
---> Package glibc-common.x86_64 0:2.26-35.amzn2 will be updated
---> Package glibc-common.x86_64 0:2.26-38.amzn2 will be an update
---> Package glibc-locale-source.x86_64 0:2.26-35.amzn2 will be updated
---> Package glibc-locale-source.x86_64 0:2.26-38.amzn2 will be an update
---> Package glibc-minimal-langpack.x86_64 0:2.26-35.amzn2 will be updated
---> Package glibc-minimal-langpack.x86_64 0:2.26-38.amzn2 will be an update
---> Package hunspell.x86_64 0:1.3.2-15.amzn2.0.2 will be updated
---> Package hunspell.x86_64 0:1.3.2-16.amzn2 will be an update
---> Package iptables.x86_64 0:1.8.2-16.amzn2.0.2 will be updated
---> Package iptables.x86_64 0:1.8.4-10.amzn2.1.1 will be an update
---> Package iptables-libs.x86_64 0:1.8.2-16.amzn2.0.2 will be updated
---> Package iptables-libs.x86_64 0:1.8.4-10.amzn2.1.1 will be an update
---> Package kernel.x86_64 0:4.14.203-156.332.amzn2 will be installed
---> Package libcom_err.x86_64 0:1.42.9-12.amzn2.0.2 will be updated
---> Package libcom_err.x86_64 0:1.42.9-19.amzn2 will be an update
---> Package libcroco.x86_64 0:0.6.11-1.amzn2.0.2 will be updated
---> Package libcroco.x86_64 0:0.6.12-6.amzn2 will be an update
---> Package libcrypt.x86_64 0:2.26-35.amzn2 will be updated
---> Package libcrypt.x86_64 0:2.26-38.amzn2 will be an update
---> Package libpng.x86_64 2:1.5.13-7.amzn2.0.2 will be updated
---> Package libpng.x86_64 2:1.5.13-8.amzn2 will be an update
---> Package libss.x86_64 0:1.42.9-12.amzn2.0.2 will be updated
---> Package libss.x86_64 0:1.42.9-19.amzn2 will be an update
---> Package libssh2.x86_64 0:1.4.3-12.amzn2.2.2 will be updated
---> Package libssh2.x86_64 0:1.4.3-12.amzn2.2.3 will be an update
---> Package libtiff.x86_64 0:4.0.3-32.amzn2 will be updated
---> Package libtiff.x86_64 0:4.0.3-35.amzn2 will be an update
---> Package libxml2.x86_64 0:2.9.1-6.amzn2.4.1 will be updated
---> Package libxml2.x86_64 0:2.9.1-6.amzn2.5.1 will be an update
---> Package libxml2-python.x86_64 0:2.9.1-6.amzn2.4.1 will be updated
---> Package libxml2-python.x86_64 0:2.9.1-6.amzn2.5.1 will be an update
---> Package mariadb-libs.x86_64 1:5.5.64-1.amzn2 will be updated
---> Package mariadb-libs.x86_64 1:5.5.68-1.amzn2 will be an update
---> Package nspr.x86_64 0:4.21.0-1.amzn2.0.2 will be updated
---> Package nspr.x86_64 0:4.25.0-2.amzn2 will be an update
---> Package nss.x86_64 0:3.44.0-7.amzn2 will be updated
---> Package nss.x86_64 0:3.53.1-3.amzn2 will be an update
---> Package nss-softokn.x86_64 0:3.44.0-8.amzn2 will be updated
---> Package nss-softokn.x86_64 0:3.53.1-6.amzn2 will be an update
---> Package nss-softokn-freebl.x86_64 0:3.44.0-8.amzn2 will be updated
---> Package nss-softokn-freebl.x86_64 0:3.53.1-6.amzn2 will be an update
---> Package nss-sysinit.x86_64 0:3.44.0-7.amzn2 will be updated
---> Package nss-sysinit.x86_64 0:3.53.1-3.amzn2 will be an update
---> Package nss-tools.x86_64 0:3.44.0-7.amzn2 will be updated
---> Package nss-tools.x86_64 0:3.53.1-3.amzn2 will be an update
---> Package nss-util.x86_64 0:3.44.0-4.amzn2 will be updated
---> Package nss-util.x86_64 0:3.53.1-1.amzn2 will be an update
---> Package openldap.x86_64 0:2.4.44-15.amzn2 will be updated
---> Package openldap.x86_64 0:2.4.44-22.amzn2 will be an update
---> Package p11-kit.x86_64 0:0.23.19-1.amzn2 will be updated
---> Package p11-kit.x86_64 0:0.23.21-2.amzn2.0.1 will be an update
---> Package p11-kit-trust.x86_64 0:0.23.19-1.amzn2 will be updated
---> Package p11-kit-trust.x86_64 0:0.23.21-2.amzn2.0.1 will be an update
---> Package pam.x86_64 0:1.1.8-22.amzn2 will be updated
---> Package pam.x86_64 0:1.1.8-23.amzn2.0.1 will be an update
---> Package python-pillow.x86_64 0:2.0.0-20.gitd1c6db8.amzn2.0.1 will be updated
---> Package python-pillow.x86_64 0:2.0.0-21.gitd1c6db8.amzn2.0.1 will be an update
---> Package python2-botocore.noarch 0:1.17.31-1.amzn2.0.1 will be updated
---> Package python2-botocore.noarch 0:1.18.6-1.amzn2.0.1 will be an update
---> Package python2-rpm.x86_64 0:4.11.3-40.amzn2.0.4 will be updated
---> Package python2-rpm.x86_64 0:4.11.3-40.amzn2.0.5 will be an update
---> Package python2-s3transfer.noarch 0:0.1.12-1.amzn2.0.1 will be updated
---> Package python2-s3transfer.noarch 0:0.3.3-1.amzn2.0.1 will be an update
---> Package rng-tools.x86_64 0:5-13.amzn2 will be updated
---> Package rng-tools.x86_64 0:6.8-3.amzn2.0.1 will be an update
---> Package rpm.x86_64 0:4.11.3-40.amzn2.0.4 will be updated
---> Package rpm.x86_64 0:4.11.3-40.amzn2.0.5 will be an update
---> Package rpm-build-libs.x86_64 0:4.11.3-40.amzn2.0.4 will be updated
---> Package rpm-build-libs.x86_64 0:4.11.3-40.amzn2.0.5 will be an update
---> Package rpm-libs.x86_64 0:4.11.3-40.amzn2.0.4 will be updated
---> Package rpm-libs.x86_64 0:4.11.3-40.amzn2.0.5 will be an update
---> Package rpm-plugin-systemd-inhibit.x86_64 0:4.11.3-40.amzn2.0.4 will be updated
---> Package rpm-plugin-systemd-inhibit.x86_64 0:4.11.3-40.amzn2.0.5 will be an update
---> Package unzip.x86_64 0:6.0-20.amzn2 will be updated
---> Package unzip.x86_64 0:6.0-21.amzn2 will be an update
--> Finished Dependency Resolution

Dependencies Resolved

======================================================================================================================
 Package                             Arch            Version                                Repository           Size
======================================================================================================================
Installing:
 kernel                              x86_64          4.14.203-156.332.amzn2                 amzn2-core           21 M
Updating:
 amazon-ssm-agent                    x86_64          3.0.161.0-1.amzn2                      amzn2-core           28 M
 aws-cfn-bootstrap                   noarch          1.4-34.amzn2                           amzn2-core          652 k
 awscli                              noarch          1.18.147-1.amzn2.0.1                   amzn2-core          2.1 M
 bash                                x86_64          4.2.46-34.amzn2                        amzn2-core          1.0 M
 cpio                                x86_64          2.11-28.amzn2                          amzn2-core          211 k
 e2fsprogs                           x86_64          1.42.9-19.amzn2                        amzn2-core          700 k
 e2fsprogs-libs                      x86_64          1.42.9-19.amzn2                        amzn2-core          166 k
 ec2-net-utils                       noarch          1.4-3.amzn2                            amzn2-core           17 k
 ec2-utils                           noarch          1.2-3.amzn2                            amzn2-core           11 k
 expat                               x86_64          2.1.0-12.amzn2                         amzn2-core           86 k
 glib2                               x86_64          2.56.1-7.amzn2.0.1                     amzn2-core          2.4 M
 glibc                               x86_64          2.26-38.amzn2                          amzn2-core          3.3 M
 glibc-all-langpacks                 x86_64          2.26-38.amzn2                          amzn2-core          7.0 M
 glibc-common                        x86_64          2.26-38.amzn2                          amzn2-core          769 k
 glibc-locale-source                 x86_64          2.26-38.amzn2                          amzn2-core          3.2 M
 glibc-minimal-langpack              x86_64          2.26-38.amzn2                          amzn2-core           28 k
 hunspell                            x86_64          1.3.2-16.amzn2                         amzn2-core          225 k
 iptables                            x86_64          1.8.4-10.amzn2.1.1                     amzn2-core          475 k
 iptables-libs                       x86_64          1.8.4-10.amzn2.1.1                     amzn2-core           91 k
 libcom_err                          x86_64          1.42.9-19.amzn2                        amzn2-core           42 k
 libcroco                            x86_64          0.6.12-6.amzn2                         amzn2-core          103 k
 libcrypt                            x86_64          2.26-38.amzn2                          amzn2-core           48 k
 libpng                              x86_64          2:1.5.13-8.amzn2                       amzn2-core          212 k
 libss                               x86_64          1.42.9-19.amzn2                        amzn2-core           47 k
 libssh2                             x86_64          1.4.3-12.amzn2.2.3                     amzn2-core          134 k
 libtiff                             x86_64          4.0.3-35.amzn2                         amzn2-core          173 k
 libxml2                             x86_64          2.9.1-6.amzn2.5.1                      amzn2-core          661 k
 libxml2-python                      x86_64          2.9.1-6.amzn2.5.1                      amzn2-core          246 k
 mariadb-libs                        x86_64          1:5.5.68-1.amzn2                       amzn2-core          766 k
 nspr                                x86_64          4.25.0-2.amzn2                         amzn2-core          125 k
 nss                                 x86_64          3.53.1-3.amzn2                         amzn2-core          860 k
 nss-softokn                         x86_64          3.53.1-6.amzn2                         amzn2-core          352 k
 nss-softokn-freebl                  x86_64          3.53.1-6.amzn2                         amzn2-core          328 k
 nss-sysinit                         x86_64          3.53.1-3.amzn2                         amzn2-core           65 k
 nss-tools                           x86_64          3.53.1-3.amzn2                         amzn2-core          530 k
 nss-util                            x86_64          3.53.1-1.amzn2                         amzn2-core           78 k
 openldap                            x86_64          2.4.44-22.amzn2                        amzn2-core          350 k
 p11-kit                             x86_64          0.23.21-2.amzn2.0.1                    amzn2-core          316 k
 p11-kit-trust                       x86_64          0.23.21-2.amzn2.0.1                    amzn2-core          128 k
 pam                                 x86_64          1.1.8-23.amzn2.0.1                     amzn2-core          715 k
 python-pillow                       x86_64          2.0.0-21.gitd1c6db8.amzn2.0.1          amzn2-core          440 k
 python2-botocore                    noarch          1.18.6-1.amzn2.0.1                     amzn2-core          4.4 M
 python2-rpm                         x86_64          4.11.3-40.amzn2.0.5                    amzn2-core           84 k
 python2-s3transfer                  noarch          0.3.3-1.amzn2.0.1                      amzn2-core          104 k
 rng-tools                           x86_64          6.8-3.amzn2.0.1                        amzn2-core           53 k
 rpm                                 x86_64          4.11.3-40.amzn2.0.5                    amzn2-core          1.2 M
 rpm-build-libs                      x86_64          4.11.3-40.amzn2.0.5                    amzn2-core          106 k
 rpm-libs                            x86_64          4.11.3-40.amzn2.0.5                    amzn2-core          275 k
 rpm-plugin-systemd-inhibit          x86_64          4.11.3-40.amzn2.0.5                    amzn2-core           47 k
 unzip                               x86_64          6.0-21.amzn2                           amzn2-core          172 k

Transaction Summary
======================================================================================================================
Install   1 Package
Upgrade  50 Packages

Total download size: 84 M
Is this ok [y/d/N]: y
Downloading packages:
Delta RPMs disabled because /usr/bin/applydeltarpm not installed.
(1/51): aws-cfn-bootstrap-1.4-34.amzn2.noarch.rpm                                              | 652 kB  00:00:00
(2/51): awscli-1.18.147-1.amzn2.0.1.noarch.rpm                                                 | 2.1 MB  00:00:00
(3/51): bash-4.2.46-34.amzn2.x86_64.rpm                                                        | 1.0 MB  00:00:00
(4/51): cpio-2.11-28.amzn2.x86_64.rpm                                                          | 211 kB  00:00:00
(5/51): e2fsprogs-1.42.9-19.amzn2.x86_64.rpm                                                   | 700 kB  00:00:00
(6/51): e2fsprogs-libs-1.42.9-19.amzn2.x86_64.rpm                                              | 166 kB  00:00:00
(7/51): ec2-net-utils-1.4-3.amzn2.noarch.rpm                                                   |  17 kB  00:00:00
(8/51): ec2-utils-1.2-3.amzn2.noarch.rpm                                                       |  11 kB  00:00:00
(9/51): expat-2.1.0-12.amzn2.x86_64.rpm                                                        |  86 kB  00:00:00
(10/51): glib2-2.56.1-7.amzn2.0.1.x86_64.rpm                                                   | 2.4 MB  00:00:00
(11/51): amazon-ssm-agent-3.0.161.0-1.amzn2.x86_64.rpm                                         |  28 MB  00:00:00
(12/51): glibc-2.26-38.amzn2.x86_64.rpm                                                        | 3.3 MB  00:00:00
(13/51): glibc-common-2.26-38.amzn2.x86_64.rpm                                                 | 769 kB  00:00:00
(14/51): glibc-locale-source-2.26-38.amzn2.x86_64.rpm                                          | 3.2 MB  00:00:00
(15/51): glibc-all-langpacks-2.26-38.amzn2.x86_64.rpm                                          | 7.0 MB  00:00:00
(16/51): glibc-minimal-langpack-2.26-38.amzn2.x86_64.rpm                                       |  28 kB  00:00:00
(17/51): hunspell-1.3.2-16.amzn2.x86_64.rpm                                                    | 225 kB  00:00:00
(18/51): iptables-1.8.4-10.amzn2.1.1.x86_64.rpm                                                | 475 kB  00:00:00
(19/51): iptables-libs-1.8.4-10.amzn2.1.1.x86_64.rpm                                           |  91 kB  00:00:00
(20/51): libcom_err-1.42.9-19.amzn2.x86_64.rpm                                                 |  42 kB  00:00:00
(21/51): libcroco-0.6.12-6.amzn2.x86_64.rpm                                                    | 103 kB  00:00:00
(22/51): libcrypt-2.26-38.amzn2.x86_64.rpm                                                     |  48 kB  00:00:00
(23/51): libpng-1.5.13-8.amzn2.x86_64.rpm                                                      | 212 kB  00:00:00
(24/51): libss-1.42.9-19.amzn2.x86_64.rpm                                                      |  47 kB  00:00:00
(25/51): libssh2-1.4.3-12.amzn2.2.3.x86_64.rpm                                                 | 134 kB  00:00:00
(26/51): libtiff-4.0.3-35.amzn2.x86_64.rpm                                                     | 173 kB  00:00:00
(27/51): libxml2-2.9.1-6.amzn2.5.1.x86_64.rpm                                                  | 661 kB  00:00:00
(28/51): libxml2-python-2.9.1-6.amzn2.5.1.x86_64.rpm                                           | 246 kB  00:00:00
(29/51): mariadb-libs-5.5.68-1.amzn2.x86_64.rpm                                                | 766 kB  00:00:00
(30/51): nspr-4.25.0-2.amzn2.x86_64.rpm                                                        | 125 kB  00:00:00
(31/51): nss-3.53.1-3.amzn2.x86_64.rpm                                                         | 860 kB  00:00:00
(32/51): nss-softokn-3.53.1-6.amzn2.x86_64.rpm                                                 | 352 kB  00:00:00
(33/51): kernel-4.14.203-156.332.amzn2.x86_64.rpm                                              |  21 MB  00:00:00
(34/51): nss-softokn-freebl-3.53.1-6.amzn2.x86_64.rpm                                          | 328 kB  00:00:00
(35/51): nss-sysinit-3.53.1-3.amzn2.x86_64.rpm                                                 |  65 kB  00:00:00
(36/51): nss-tools-3.53.1-3.amzn2.x86_64.rpm                                                   | 530 kB  00:00:00
(37/51): nss-util-3.53.1-1.amzn2.x86_64.rpm                                                    |  78 kB  00:00:00
(38/51): p11-kit-0.23.21-2.amzn2.0.1.x86_64.rpm                                                | 316 kB  00:00:00
(39/51): openldap-2.4.44-22.amzn2.x86_64.rpm                                                   | 350 kB  00:00:00
(40/51): p11-kit-trust-0.23.21-2.amzn2.0.1.x86_64.rpm                                          | 128 kB  00:00:00
(41/51): python-pillow-2.0.0-21.gitd1c6db8.amzn2.0.1.x86_64.rpm                                | 440 kB  00:00:00
(42/51): python2-botocore-1.18.6-1.amzn2.0.1.noarch.rpm                                        | 4.4 MB  00:00:00
(43/51): pam-1.1.8-23.amzn2.0.1.x86_64.rpm                                                     | 715 kB  00:00:00
(44/51): python2-rpm-4.11.3-40.amzn2.0.5.x86_64.rpm                                            |  84 kB  00:00:00
(45/51): python2-s3transfer-0.3.3-1.amzn2.0.1.noarch.rpm                                       | 104 kB  00:00:00
(46/51): rng-tools-6.8-3.amzn2.0.1.x86_64.rpm                                                  |  53 kB  00:00:00
(47/51): rpm-build-libs-4.11.3-40.amzn2.0.5.x86_64.rpm                                         | 106 kB  00:00:00
(48/51): rpm-4.11.3-40.amzn2.0.5.x86_64.rpm                                                    | 1.2 MB  00:00:00
(49/51): rpm-libs-4.11.3-40.amzn2.0.5.x86_64.rpm                                               | 275 kB  00:00:00
(50/51): rpm-plugin-systemd-inhibit-4.11.3-40.amzn2.0.5.x86_64.rpm                             |  47 kB  00:00:00
(51/51): unzip-6.0-21.amzn2.x86_64.rpm                                                         | 172 kB  00:00:00
----------------------------------------------------------------------------------------------------------------------
Total                                                                                  72 MB/s |  84 MB  00:00:01
Running transaction check
Running transaction test
Transaction test succeeded
Running transaction
  Updating   : glibc-common-2.26-38.amzn2.x86_64                                                                1/101
  Updating   : bash-4.2.46-34.amzn2.x86_64                                                                      2/101
  Updating   : glibc-minimal-langpack-2.26-38.amzn2.x86_64                                                      3/101
  Updating   : glibc-2.26-38.amzn2.x86_64                                                                       4/101
  Updating   : nspr-4.25.0-2.amzn2.x86_64                                                                       5/101
  Updating   : nss-util-3.53.1-1.amzn2.x86_64                                                                   6/101
  Updating   : libxml2-2.9.1-6.amzn2.5.1.x86_64                                                                 7/101
  Updating   : libcom_err-1.42.9-19.amzn2.x86_64                                                                8/101
  Updating   : python2-botocore-1.18.6-1.amzn2.0.1.noarch                                                       9/101
  Updating   : python2-s3transfer-0.3.3-1.amzn2.0.1.noarch                                                     10/101
  Updating   : libss-1.42.9-19.amzn2.x86_64                                                                    11/101
  Updating   : e2fsprogs-libs-1.42.9-19.amzn2.x86_64                                                           12/101
  Updating   : nss-softokn-freebl-3.53.1-6.amzn2.x86_64                                                        13/101
  Updating   : nss-softokn-3.53.1-6.amzn2.x86_64                                                               14/101
  Updating   : nss-sysinit-3.53.1-3.amzn2.x86_64                                                               15/101
  Updating   : nss-3.53.1-3.amzn2.x86_64                                                                       16/101
  Updating   : rpm-4.11.3-40.amzn2.0.5.x86_64                                                                  17/101
  Updating   : rpm-libs-4.11.3-40.amzn2.0.5.x86_64                                                             18/101
  Updating   : rpm-build-libs-4.11.3-40.amzn2.0.5.x86_64                                                       19/101
  Updating   : nss-tools-3.53.1-3.amzn2.x86_64                                                                 20/101
  Updating   : p11-kit-0.23.21-2.amzn2.0.1.x86_64                                                              21/101
  Updating   : libcrypt-2.26-38.amzn2.x86_64                                                                   22/101
  Updating   : glib2-2.56.1-7.amzn2.0.1.x86_64                                                                 23/101
  Updating   : libtiff-4.0.3-35.amzn2.x86_64                                                                   24/101
  Updating   : iptables-libs-1.8.4-10.amzn2.1.1.x86_64                                                         25/101
  Updating   : iptables-1.8.4-10.amzn2.1.1.x86_64                                                              26/101
  Updating   : python-pillow-2.0.0-21.gitd1c6db8.amzn2.0.1.x86_64                                              27/101
  Updating   : libcroco-0.6.12-6.amzn2.x86_64                                                                  28/101
  Updating   : pam-1.1.8-23.amzn2.0.1.x86_64                                                                   29/101
  Updating   : p11-kit-trust-0.23.21-2.amzn2.0.1.x86_64                                                        30/101
  Updating   : openldap-2.4.44-22.amzn2.x86_64                                                                 31/101
  Updating   : python2-rpm-4.11.3-40.amzn2.0.5.x86_64                                                          32/101
  Updating   : rpm-plugin-systemd-inhibit-4.11.3-40.amzn2.0.5.x86_64                                           33/101
  Updating   : e2fsprogs-1.42.9-19.amzn2.x86_64                                                                34/101
  Updating   : awscli-1.18.147-1.amzn2.0.1.noarch                                                              35/101
  Updating   : rng-tools-6.8-3.amzn2.0.1.x86_64                                                                36/101
  Updating   : libxml2-python-2.9.1-6.amzn2.5.1.x86_64                                                         37/101
  Updating   : cpio-2.11-28.amzn2.x86_64                                                                       38/101
  Updating   : glibc-locale-source-2.26-38.amzn2.x86_64                                                        39/101
  Updating   : 2:libpng-1.5.13-8.amzn2.x86_64                                                                  40/101
  Updating   : expat-2.1.0-12.amzn2.x86_64                                                                     41/101
  Updating   : glibc-all-langpacks-2.26-38.amzn2.x86_64                                                        42/101
  Updating   : hunspell-1.3.2-16.amzn2.x86_64                                                                  43/101
  Updating   : 1:mariadb-libs-5.5.68-1.amzn2.x86_64                                                            44/101
  Updating   : unzip-6.0-21.amzn2.x86_64                                                                       45/101
  Updating   : amazon-ssm-agent-3.0.161.0-1.amzn2.x86_64                                                       46/101
  Updating   : libssh2-1.4.3-12.amzn2.2.3.x86_64                                                               47/101
  Updating   : aws-cfn-bootstrap-1.4-34.amzn2.noarch                                                           48/101
  Updating   : ec2-net-utils-1.4-3.amzn2.noarch                                                                49/101
  Updating   : ec2-utils-1.2-3.amzn2.noarch                                                                    50/101
  Installing : kernel-4.14.203-156.332.amzn2.x86_64                                                            51/101
  Cleanup    : openldap-2.4.44-15.amzn2.x86_64                                                                 52/101
  Cleanup    : nss-tools-3.44.0-7.amzn2.x86_64                                                                 53/101
  Cleanup    : python2-rpm-4.11.3-40.amzn2.0.4.x86_64                                                          54/101
  Cleanup    : iptables-1.8.2-16.amzn2.0.2.x86_64                                                              55/101
  Cleanup    : p11-kit-trust-0.23.19-1.amzn2.x86_64                                                            56/101
  Cleanup    : e2fsprogs-1.42.9-12.amzn2.0.2.x86_64                                                            57/101
  Cleanup    : python-pillow-2.0.0-20.gitd1c6db8.amzn2.0.1.x86_64                                              58/101
  Cleanup    : awscli-1.18.107-1.amzn2.0.1.noarch                                                              59/101
  Cleanup    : glibc-all-langpacks-2.26-35.amzn2.x86_64                                                        60/101
  Cleanup    : glibc-locale-source-2.26-35.amzn2.x86_64                                                        61/101
  Cleanup    : rpm-build-libs-4.11.3-40.amzn2.0.4.x86_64                                                       62/101
  Cleanup    : rpm-plugin-systemd-inhibit-4.11.3-40.amzn2.0.4.x86_64                                           63/101
  Cleanup    : rpm-libs-4.11.3-40.amzn2.0.4.x86_64                                                             64/101
  Cleanup    : rpm-4.11.3-40.amzn2.0.4.x86_64                                                                  65/101
  Cleanup    : nss-sysinit-3.44.0-7.amzn2.x86_64                                                               66/101
  Cleanup    : nss-3.44.0-7.amzn2.x86_64                                                                       67/101
  Cleanup    : nss-softokn-3.44.0-8.amzn2.x86_64                                                               68/101
  Cleanup    : nss-softokn-freebl-3.44.0-8.amzn2.x86_64                                                        69/101
  Cleanup    : nss-util-3.44.0-4.amzn2.x86_64                                                                  70/101
  Cleanup    : pam-1.1.8-22.amzn2.x86_64                                                                       71/101
  Cleanup    : libcroco-0.6.11-1.amzn2.0.2.x86_64                                                              72/101
  Cleanup    : e2fsprogs-libs-1.42.9-12.amzn2.0.2.x86_64                                                       73/101
  Cleanup    : libss-1.42.9-12.amzn2.0.2.x86_64                                                                74/101
  Cleanup    : libxml2-python-2.9.1-6.amzn2.4.1.x86_64                                                         75/101
  Cleanup    : glib2-2.56.1-5.amzn2.0.1.x86_64                                                                 76/101
  Cleanup    : libcrypt-2.26-35.amzn2.x86_64                                                                   77/101
  Cleanup    : amazon-ssm-agent-2.3.1319.0-1.amzn2.x86_64                                                      78/101
  Cleanup    : unzip-6.0-20.amzn2.x86_64                                                                       79/101
  Cleanup    : rng-tools-5-13.amzn2.x86_64                                                                     80/101
  Cleanup    : cpio-2.11-27.amzn2.x86_64                                                                       81/101
  Cleanup    : python2-s3transfer-0.1.12-1.amzn2.0.1.noarch                                                    82/101
  Cleanup    : ec2-utils-1.2-1.amzn2.noarch                                                                    83/101
  Cleanup    : ec2-net-utils-1.4-2.amzn2.noarch                                                                84/101
  Cleanup    : aws-cfn-bootstrap-1.4-32.amzn2.0.1.noarch                                                       85/101
  Cleanup    : libxml2-2.9.1-6.amzn2.4.1.x86_64                                                                86/101
  Cleanup    : libcom_err-1.42.9-12.amzn2.0.2.x86_64                                                           87/101
  Cleanup    : nspr-4.21.0-1.amzn2.0.2.x86_64                                                                  88/101
  Cleanup    : libtiff-4.0.3-32.amzn2.x86_64                                                                   89/101
  Cleanup    : p11-kit-0.23.19-1.amzn2.x86_64                                                                  90/101
  Cleanup    : iptables-libs-1.8.2-16.amzn2.0.2.x86_64                                                         91/101
  Cleanup    : libssh2-1.4.3-12.amzn2.2.2.x86_64                                                               92/101
  Cleanup    : 1:mariadb-libs-5.5.64-1.amzn2.x86_64                                                            93/101
  Cleanup    : hunspell-1.3.2-15.amzn2.0.2.x86_64                                                              94/101
  Cleanup    : expat-2.1.0-10.amzn2.0.2.x86_64                                                                 95/101
  Cleanup    : 2:libpng-1.5.13-7.amzn2.0.2.x86_64                                                              96/101
  Cleanup    : python2-botocore-1.17.31-1.amzn2.0.1.noarch                                                     97/101
  Cleanup    : bash-4.2.46-33.amzn2.x86_64                                                                     98/101
  Cleanup    : glibc-common-2.26-35.amzn2.x86_64                                                               99/101
  Cleanup    : glibc-minimal-langpack-2.26-35.amzn2.x86_64                                                    100/101
  Cleanup    : glibc-2.26-35.amzn2.x86_64                                                                     101/101
  Verifying  : glibc-2.26-38.amzn2.x86_64                                                                       1/101
  Verifying  : nspr-4.25.0-2.amzn2.x86_64                                                                       2/101
  Verifying  : glibc-common-2.26-38.amzn2.x86_64                                                                3/101
  Verifying  : e2fsprogs-1.42.9-19.amzn2.x86_64                                                                 4/101
  Verifying  : cpio-2.11-28.amzn2.x86_64                                                                        5/101
  Verifying  : libxml2-2.9.1-6.amzn2.5.1.x86_64                                                                 6/101
  Verifying  : glibc-locale-source-2.26-38.amzn2.x86_64                                                         7/101
  Verifying  : libss-1.42.9-19.amzn2.x86_64                                                                     8/101
  Verifying  : 2:libpng-1.5.13-8.amzn2.x86_64                                                                   9/101
  Verifying  : expat-2.1.0-12.amzn2.x86_64                                                                     10/101
  Verifying  : rpm-4.11.3-40.amzn2.0.5.x86_64                                                                  11/101
  Verifying  : p11-kit-trust-0.23.21-2.amzn2.0.1.x86_64                                                        12/101
  Verifying  : p11-kit-0.23.21-2.amzn2.0.1.x86_64                                                              13/101
  Verifying  : rng-tools-6.8-3.amzn2.0.1.x86_64                                                                14/101
  Verifying  : glibc-all-langpacks-2.26-38.amzn2.x86_64                                                        15/101
  Verifying  : libxml2-python-2.9.1-6.amzn2.5.1.x86_64                                                         16/101
  Verifying  : e2fsprogs-libs-1.42.9-19.amzn2.x86_64                                                           17/101
  Verifying  : iptables-1.8.4-10.amzn2.1.1.x86_64                                                              18/101
  Verifying  : python2-botocore-1.18.6-1.amzn2.0.1.noarch                                                      19/101
  Verifying  : nss-softokn-freebl-3.53.1-6.amzn2.x86_64                                                        20/101
  Verifying  : nss-sysinit-3.53.1-3.amzn2.x86_64                                                               21/101
  Verifying  : nss-tools-3.53.1-3.amzn2.x86_64                                                                 22/101
  Verifying  : hunspell-1.3.2-16.amzn2.x86_64                                                                  23/101
  Verifying  : libcroco-0.6.12-6.amzn2.x86_64                                                                  24/101
  Verifying  : nss-util-3.53.1-1.amzn2.x86_64                                                                  25/101
  Verifying  : 1:mariadb-libs-5.5.68-1.amzn2.x86_64                                                            26/101
  Verifying  : aws-cfn-bootstrap-1.4-34.amzn2.noarch                                                           27/101
  Verifying  : bash-4.2.46-34.amzn2.x86_64                                                                     28/101
  Verifying  : python2-s3transfer-0.3.3-1.amzn2.0.1.noarch                                                     29/101
  Verifying  : rpm-libs-4.11.3-40.amzn2.0.5.x86_64                                                             30/101
  Verifying  : pam-1.1.8-23.amzn2.0.1.x86_64                                                                   31/101
  Verifying  : glibc-minimal-langpack-2.26-38.amzn2.x86_64                                                     32/101
  Verifying  : python-pillow-2.0.0-21.gitd1c6db8.amzn2.0.1.x86_64                                              33/101
  Verifying  : ec2-net-utils-1.4-3.amzn2.noarch                                                                34/101
  Verifying  : awscli-1.18.147-1.amzn2.0.1.noarch                                                              35/101
  Verifying  : unzip-6.0-21.amzn2.x86_64                                                                       36/101
  Verifying  : libcrypt-2.26-38.amzn2.x86_64                                                                   37/101
  Verifying  : glib2-2.56.1-7.amzn2.0.1.x86_64                                                                 38/101
  Verifying  : nss-softokn-3.53.1-6.amzn2.x86_64                                                               39/101
  Verifying  : rpm-plugin-systemd-inhibit-4.11.3-40.amzn2.0.5.x86_64                                           40/101
  Verifying  : python2-rpm-4.11.3-40.amzn2.0.5.x86_64                                                          41/101
  Verifying  : libcom_err-1.42.9-19.amzn2.x86_64                                                               42/101
  Verifying  : ec2-utils-1.2-3.amzn2.noarch                                                                    43/101
  Verifying  : amazon-ssm-agent-3.0.161.0-1.amzn2.x86_64                                                       44/101
  Verifying  : libtiff-4.0.3-35.amzn2.x86_64                                                                   45/101
  Verifying  : kernel-4.14.203-156.332.amzn2.x86_64                                                            46/101
  Verifying  : iptables-libs-1.8.4-10.amzn2.1.1.x86_64                                                         47/101
  Verifying  : libssh2-1.4.3-12.amzn2.2.3.x86_64                                                               48/101
  Verifying  : nss-3.53.1-3.amzn2.x86_64                                                                       49/101
  Verifying  : rpm-build-libs-4.11.3-40.amzn2.0.5.x86_64                                                       50/101
  Verifying  : openldap-2.4.44-22.amzn2.x86_64                                                                 51/101
  Verifying  : glibc-locale-source-2.26-35.amzn2.x86_64                                                        52/101
  Verifying  : glib2-2.56.1-5.amzn2.0.1.x86_64                                                                 53/101
  Verifying  : rpm-4.11.3-40.amzn2.0.4.x86_64                                                                  54/101
  Verifying  : 2:libpng-1.5.13-7.amzn2.0.2.x86_64                                                              55/101
  Verifying  : hunspell-1.3.2-15.amzn2.0.2.x86_64                                                              56/101
  Verifying  : glibc-minimal-langpack-2.26-35.amzn2.x86_64                                                     57/101
  Verifying  : rpm-build-libs-4.11.3-40.amzn2.0.4.x86_64                                                       58/101
  Verifying  : cpio-2.11-27.amzn2.x86_64                                                                       59/101
  Verifying  : libxml2-python-2.9.1-6.amzn2.4.1.x86_64                                                         60/101
  Verifying  : glibc-2.26-35.amzn2.x86_64                                                                      61/101
  Verifying  : nss-3.44.0-7.amzn2.x86_64                                                                       62/101
  Verifying  : libcom_err-1.42.9-12.amzn2.0.2.x86_64                                                           63/101
  Verifying  : pam-1.1.8-22.amzn2.x86_64                                                                       64/101
  Verifying  : glibc-all-langpacks-2.26-35.amzn2.x86_64                                                        65/101
  Verifying  : e2fsprogs-1.42.9-12.amzn2.0.2.x86_64                                                            66/101
  Verifying  : aws-cfn-bootstrap-1.4-32.amzn2.0.1.noarch                                                       67/101
  Verifying  : nspr-4.21.0-1.amzn2.0.2.x86_64                                                                  68/101
  Verifying  : libxml2-2.9.1-6.amzn2.4.1.x86_64                                                                69/101
  Verifying  : iptables-libs-1.8.2-16.amzn2.0.2.x86_64                                                         70/101
  Verifying  : openldap-2.4.44-15.amzn2.x86_64                                                                 71/101
  Verifying  : p11-kit-trust-0.23.19-1.amzn2.x86_64                                                            72/101
  Verifying  : unzip-6.0-20.amzn2.x86_64                                                                       73/101
  Verifying  : p11-kit-0.23.19-1.amzn2.x86_64                                                                  74/101
  Verifying  : nss-softokn-freebl-3.44.0-8.amzn2.x86_64                                                        75/101
  Verifying  : libss-1.42.9-12.amzn2.0.2.x86_64                                                                76/101
  Verifying  : libssh2-1.4.3-12.amzn2.2.2.x86_64                                                               77/101
  Verifying  : rpm-libs-4.11.3-40.amzn2.0.4.x86_64                                                             78/101
  Verifying  : 1:mariadb-libs-5.5.64-1.amzn2.x86_64                                                            79/101
  Verifying  : nss-sysinit-3.44.0-7.amzn2.x86_64                                                               80/101
  Verifying  : rng-tools-5-13.amzn2.x86_64                                                                     81/101
  Verifying  : libcrypt-2.26-35.amzn2.x86_64                                                                   82/101
  Verifying  : nss-tools-3.44.0-7.amzn2.x86_64                                                                 83/101
  Verifying  : iptables-1.8.2-16.amzn2.0.2.x86_64                                                              84/101
  Verifying  : libtiff-4.0.3-32.amzn2.x86_64                                                                   85/101
  Verifying  : nss-softokn-3.44.0-8.amzn2.x86_64                                                               86/101
  Verifying  : ec2-net-utils-1.4-2.amzn2.noarch                                                                87/101
  Verifying  : expat-2.1.0-10.amzn2.0.2.x86_64                                                                 88/101
  Verifying  : awscli-1.18.107-1.amzn2.0.1.noarch                                                              89/101
  Verifying  : nss-util-3.44.0-4.amzn2.x86_64                                                                  90/101
  Verifying  : bash-4.2.46-33.amzn2.x86_64                                                                     91/101
  Verifying  : python-pillow-2.0.0-20.gitd1c6db8.amzn2.0.1.x86_64                                              92/101
  Verifying  : amazon-ssm-agent-2.3.1319.0-1.amzn2.x86_64                                                      93/101
  Verifying  : e2fsprogs-libs-1.42.9-12.amzn2.0.2.x86_64                                                       94/101
  Verifying  : libcroco-0.6.11-1.amzn2.0.2.x86_64                                                              95/101
  Verifying  : glibc-common-2.26-35.amzn2.x86_64                                                               96/101
  Verifying  : python2-s3transfer-0.1.12-1.amzn2.0.1.noarch                                                    97/101
  Verifying  : rpm-plugin-systemd-inhibit-4.11.3-40.amzn2.0.4.x86_64                                           98/101
  Verifying  : python2-botocore-1.17.31-1.amzn2.0.1.noarch                                                     99/101
  Verifying  : python2-rpm-4.11.3-40.amzn2.0.4.x86_64                                                         100/101
  Verifying  : ec2-utils-1.2-1.amzn2.noarch                                                                   101/101

Installed:
  kernel.x86_64 0:4.14.203-156.332.amzn2

Updated:
  amazon-ssm-agent.x86_64 0:3.0.161.0-1.amzn2                    aws-cfn-bootstrap.noarch 0:1.4-34.amzn2
  awscli.noarch 0:1.18.147-1.amzn2.0.1                           bash.x86_64 0:4.2.46-34.amzn2
  cpio.x86_64 0:2.11-28.amzn2                                    e2fsprogs.x86_64 0:1.42.9-19.amzn2
  e2fsprogs-libs.x86_64 0:1.42.9-19.amzn2                        ec2-net-utils.noarch 0:1.4-3.amzn2
  ec2-utils.noarch 0:1.2-3.amzn2                                 expat.x86_64 0:2.1.0-12.amzn2
  glib2.x86_64 0:2.56.1-7.amzn2.0.1                              glibc.x86_64 0:2.26-38.amzn2
  glibc-all-langpacks.x86_64 0:2.26-38.amzn2                     glibc-common.x86_64 0:2.26-38.amzn2
  glibc-locale-source.x86_64 0:2.26-38.amzn2                     glibc-minimal-langpack.x86_64 0:2.26-38.amzn2
  hunspell.x86_64 0:1.3.2-16.amzn2                               iptables.x86_64 0:1.8.4-10.amzn2.1.1
  iptables-libs.x86_64 0:1.8.4-10.amzn2.1.1                      libcom_err.x86_64 0:1.42.9-19.amzn2
  libcroco.x86_64 0:0.6.12-6.amzn2                               libcrypt.x86_64 0:2.26-38.amzn2
  libpng.x86_64 2:1.5.13-8.amzn2                                 libss.x86_64 0:1.42.9-19.amzn2
  libssh2.x86_64 0:1.4.3-12.amzn2.2.3                            libtiff.x86_64 0:4.0.3-35.amzn2
  libxml2.x86_64 0:2.9.1-6.amzn2.5.1                             libxml2-python.x86_64 0:2.9.1-6.amzn2.5.1
  mariadb-libs.x86_64 1:5.5.68-1.amzn2                           nspr.x86_64 0:4.25.0-2.amzn2
  nss.x86_64 0:3.53.1-3.amzn2                                    nss-softokn.x86_64 0:3.53.1-6.amzn2
  nss-softokn-freebl.x86_64 0:3.53.1-6.amzn2                     nss-sysinit.x86_64 0:3.53.1-3.amzn2
  nss-tools.x86_64 0:3.53.1-3.amzn2                              nss-util.x86_64 0:3.53.1-1.amzn2
  openldap.x86_64 0:2.4.44-22.amzn2                              p11-kit.x86_64 0:0.23.21-2.amzn2.0.1
  p11-kit-trust.x86_64 0:0.23.21-2.amzn2.0.1                     pam.x86_64 0:1.1.8-23.amzn2.0.1
  python-pillow.x86_64 0:2.0.0-21.gitd1c6db8.amzn2.0.1           python2-botocore.noarch 0:1.18.6-1.amzn2.0.1
  python2-rpm.x86_64 0:4.11.3-40.amzn2.0.5                       python2-s3transfer.noarch 0:0.3.3-1.amzn2.0.1
  rng-tools.x86_64 0:6.8-3.amzn2.0.1                             rpm.x86_64 0:4.11.3-40.amzn2.0.5
  rpm-build-libs.x86_64 0:4.11.3-40.amzn2.0.5                    rpm-libs.x86_64 0:4.11.3-40.amzn2.0.5
  rpm-plugin-systemd-inhibit.x86_64 0:4.11.3-40.amzn2.0.5        unzip.x86_64 0:6.0-21.amzn2

Complete!
[ec2-user@ip-172-31-38-226 ~]$ sudo yum install docker
Failed to set locale, defaulting to C
Loaded plugins: extras_suggestions, langpacks, priorities, update-motd
Resolving Dependencies
--> Running transaction check
---> Package docker.x86_64 0:19.03.13ce-1.amzn2 will be installed
--> Processing Dependency: runc >= 1.0.0 for package: docker-19.03.13ce-1.amzn2.x86_64
--> Processing Dependency: containerd >= 1.3.2 for package: docker-19.03.13ce-1.amzn2.x86_64
--> Processing Dependency: pigz for package: docker-19.03.13ce-1.amzn2.x86_64
--> Processing Dependency: libcgroup for package: docker-19.03.13ce-1.amzn2.x86_64
--> Running transaction check
---> Package containerd.x86_64 0:1.4.0-1.amzn2 will be installed
---> Package libcgroup.x86_64 0:0.41-21.amzn2 will be installed
---> Package pigz.x86_64 0:2.3.4-1.amzn2.0.1 will be installed
---> Package runc.x86_64 0:1.0.0-0.1.20200826.gitff819c7.amzn2 will be installed
--> Finished Dependency Resolution

Dependencies Resolved

======================================================================================================================
 Package             Arch            Version                                         Repository                  Size
======================================================================================================================
Installing:
 docker              x86_64          19.03.13ce-1.amzn2                              amzn2extra-docker           37 M
Installing for dependencies:
 containerd          x86_64          1.4.0-1.amzn2                                   amzn2extra-docker           27 M
 libcgroup           x86_64          0.41-21.amzn2                                   amzn2-core                  66 k
 pigz                x86_64          2.3.4-1.amzn2.0.1                               amzn2-core                  81 k
 runc                x86_64          1.0.0-0.1.20200826.gitff819c7.amzn2             amzn2extra-docker          3.7 M

Transaction Summary
======================================================================================================================
Install  1 Package (+4 Dependent packages)

Total download size: 68 M
Installed size: 284 M
Is this ok [y/d/N]: y
Downloading packages:
(1/5): libcgroup-0.41-21.amzn2.x86_64.rpm                                                      |  66 kB  00:00:00
(2/5): pigz-2.3.4-1.amzn2.0.1.x86_64.rpm                                                       |  81 kB  00:00:00
(3/5): containerd-1.4.0-1.amzn2.x86_64.rpm                                                     |  27 MB  00:00:00
(4/5): docker-19.03.13ce-1.amzn2.x86_64.rpm                                                    |  37 MB  00:00:00
(5/5): runc-1.0.0-0.1.20200826.gitff819c7.amzn2.x86_64.rpm                                     | 3.7 MB  00:00:00
----------------------------------------------------------------------------------------------------------------------
Total                                                                                  76 MB/s |  68 MB  00:00:00
Running transaction check
Running transaction test
Transaction test succeeded
Running transaction
  Installing : runc-1.0.0-0.1.20200826.gitff819c7.amzn2.x86_64                                                    1/5
  Installing : containerd-1.4.0-1.amzn2.x86_64                                                                    2/5
  Installing : pigz-2.3.4-1.amzn2.0.1.x86_64                                                                      3/5
  Installing : libcgroup-0.41-21.amzn2.x86_64                                                                     4/5
  Installing : docker-19.03.13ce-1.amzn2.x86_64                                                                   5/5
  Verifying  : docker-19.03.13ce-1.amzn2.x86_64                                                                   1/5
  Verifying  : libcgroup-0.41-21.amzn2.x86_64                                                                     2/5
  Verifying  : containerd-1.4.0-1.amzn2.x86_64                                                                    3/5
  Verifying  : pigz-2.3.4-1.amzn2.0.1.x86_64                                                                      4/5
  Verifying  : runc-1.0.0-0.1.20200826.gitff819c7.amzn2.x86_64                                                    5/5

Installed:
  docker.x86_64 0:19.03.13ce-1.amzn2

Dependency Installed:
  containerd.x86_64 0:1.4.0-1.amzn2                 libcgroup.x86_64 0:0.41-21.amzn2 pigz.x86_64 0:2.3.4-1.amzn2.0.1
  runc.x86_64 0:1.0.0-0.1.20200826.gitff819c7.amzn2

Complete!
[ec2-user@ip-172-31-38-226 ~]$ sudo usermod -a -G docker $USER
[ec2-user@ip-172-31-38-226 ~]$
